<?xml version="1.0" encoding="UTF-8"?>
<testng-results ignored="1" total="2" passed="1" failed="0" skipped="0">
  <reporter-output>
    <line>
      <![CDATA[Chrome browser opened and url 'https://www.saucedemo.com/' is entered in the browser]]>
    </line>
    <line>
      <![CDATA[Entered user name as standard_user]]>
    </line>
    <line>
      <![CDATA[Entered password as secret_sauce]]>
    </line>
    <line>
      <![CDATA[Clicked on Login button]]>
    </line>
    <line>
      <![CDATA[PASS - Products page is displayed]]>
    </line>
    <line>
      <![CDATA[Product is selected and add to cart button is clicked]]>
    </line>
    <line>
      <![CDATA[PASS - Cart is displayed]]>
    </line>
    <line>
      <![CDATA[PASS - Selected item is displayed in the cart]]>
    </line>
    <line>
      <![CDATA[PASS - Total amount displayed matches with product cost]]>
    </line>
    <line>
      <![CDATA[Order placed successfully]]>
    </line>
    <line>
      <![CDATA[Logout button is clicked]]>
    </line>
    <line>
      <![CDATA[PASS - User is logged out and Swag labs login page is displayed]]>
    </line>
  </reporter-output>
  <suite started-at="2021-03-28T07:56:17 IST" name="Default suite" finished-at="2021-03-28T07:57:01 IST" duration-ms="44011">
    <groups>
    </groups>
    <test started-at="2021-03-28T07:56:17 IST" name="Default test" finished-at="2021-03-28T07:57:01 IST" duration-ms="44011">
      <class name="com.appname.tests.NewTest">
        <test-method signature="TC02()[pri:0, instance:com.appname.tests.NewTest@2cd2a21f]" started-at="2021-03-28T07:56:17 IST" name="TC02" finished-at="2021-03-28T07:57:01 IST" duration-ms="43974" status="PASS">
          <reporter-output>
            <line>
              <![CDATA[Chrome browser opened and url 'https://www.saucedemo.com/' is entered in the browser]]>
            </line>
            <line>
              <![CDATA[Entered user name as standard_user]]>
            </line>
            <line>
              <![CDATA[Entered password as secret_sauce]]>
            </line>
            <line>
              <![CDATA[Clicked on Login button]]>
            </line>
            <line>
              <![CDATA[PASS - Products page is displayed]]>
            </line>
            <line>
              <![CDATA[Product is selected and add to cart button is clicked]]>
            </line>
            <line>
              <![CDATA[PASS - Cart is displayed]]>
            </line>
            <line>
              <![CDATA[PASS - Selected item is displayed in the cart]]>
            </line>
            <line>
              <![CDATA[PASS - Total amount displayed matches with product cost]]>
            </line>
            <line>
              <![CDATA[Order placed successfully]]>
            </line>
            <line>
              <![CDATA[Logout button is clicked]]>
            </line>
            <line>
              <![CDATA[PASS - User is logged out and Swag labs login page is displayed]]>
            </line>
          </reporter-output>
        </test-method> <!-- TC02 -->
      </class> <!-- com.appname.tests.NewTest -->
    </test> <!-- Default test -->
  </suite> <!-- Default suite -->
</testng-results>
